[2018-03-15 20:48:22] Processing: App\Jobs\SendPushNotificationQueued
[2018-03-15 20:59:54] Processing: App\Jobs\SendPushNotificationQueued
[2018-03-16 20:15:16] Processing: App\Jobs\SendPushNotificationQueued
[2018-03-16 20:15:43] Processing: App\Jobs\SendPushNotificationQueued
[2018-03-16 20:16:07] Processing: App\Jobs\SendPushNotificationQueued
[2018-03-16 20:16:08] Processing: App\Jobs\SendPushNotificationQueued
[2018-03-16 20:16:32] Processing: App\Jobs\SendPushNotificationQueued

In Process.php line 1333:
                                                                               
  The process "'/usr/bin/php' 'artisan' queue:work '' --once --queue='default  
  ' --delay=0 --memory=128 --sleep=3 --tries=0" exceeded the timeout of 60 se  
  conds.                                                                       
                                                                               


In Process.php line 1333:
                                                                               
  The process "'/usr/bin/php' 'artisan' queue:work '' --once --queue='default  
  ' --delay=0 --memory=128 --sleep=3 --tries=0" exceeded the timeout of 60 se  
  conds.                                                                       
                                                                               

[2018-03-19 09:09:45] Processing: App\Jobs\SendPushNotificationQueued
[2018-03-19 09:10:08] Processed:  App\Jobs\SendPushNotificationQueued
[2018-03-19 09:10:08] Processing: App\Jobs\SendPushNotificationQueued
[2018-03-19 09:10:25] Processed:  App\Jobs\SendPushNotificationQueued
[2018-03-19 09:10:25] Processing: App\Jobs\SendPushNotificationQueued
[2018-03-19 09:10:41] Processed:  App\Jobs\SendPushNotificationQueued
[2018-03-19 09:10:41] Processing: App\Jobs\SendPushNotificationQueued
[2018-03-19 09:10:57] Processed:  App\Jobs\SendPushNotificationQueued
[2018-03-19 09:10:57] Processing: App\Jobs\SendPushNotificationQueued
[2018-03-19 09:11:03] Processed:  App\Jobs\SendPushNotificationQueued
[2018-03-19 09:11:03] Processing: App\Mail\ExamPostMailingQueue
[2018-03-19 09:11:04] Processed:  App\Mail\ExamPostMailingQueue
[2018-03-19 09:11:04] Processing: App\Jobs\SendPushNotificationQueued
[2018-03-19 09:11:10] Processed:  App\Jobs\SendPushNotificationQueued
[2018-03-19 09:11:10] Processing: App\Mail\ExamPostMailingQueue
[2018-03-19 09:11:11] Processed:  App\Mail\ExamPostMailingQueue
[2018-03-19 09:11:11] Processing: App\Jobs\SendPushNotificationQueued
[2018-03-19 09:11:26] Processed:  App\Jobs\SendPushNotificationQueued
[2018-03-19 09:11:26] Processing: App\Mail\ExamPostMailingQueue
[2018-03-19 09:11:27] Processed:  App\Mail\ExamPostMailingQueue
[2018-03-19 09:11:27] Processing: App\Jobs\SendPushNotificationQueued
[2018-03-19 09:11:43] Processed:  App\Jobs\SendPushNotificationQueued
[2018-03-19 09:11:43] Processing: App\Mail\GeneralPostMailingQueue
[2018-03-19 09:11:43] Processed:  App\Mail\GeneralPostMailingQueue
[2018-03-19 09:11:43] Processing: App\Jobs\SendPushNotificationQueued
[2018-03-19 09:11:59] Processed:  App\Jobs\SendPushNotificationQueued
[2018-03-19 09:11:59] Processing: App\Mail\GeneralPostMailingQueue
[2018-03-19 09:11:59] Processed:  App\Mail\GeneralPostMailingQueue
[2018-03-19 09:11:59] Processing: App\Jobs\SendPushNotificationQueued
[2018-03-19 09:12:15] Processed:  App\Jobs\SendPushNotificationQueued
[2018-03-19 09:12:15] Processing: App\Mail\FileUploadedMailingQueue
[2018-03-19 09:12:15] Processed:  App\Mail\FileUploadedMailingQueue
[2018-03-19 09:12:15] Processing: App\Mail\FileUploadedMailingQueue
[2018-03-19 09:12:16] Processed:  App\Mail\FileUploadedMailingQueue
[2018-03-19 09:12:16] Processing: App\Mail\FileUploadedMailingQueue
[2018-03-19 09:12:16] Processed:  App\Mail\FileUploadedMailingQueue
[2018-03-19 09:12:16] Processing: App\Mail\FileUploadedMailingQueue
[2018-03-19 09:12:16] Processed:  App\Mail\FileUploadedMailingQueue
[2018-03-19 09:12:16] Processing: App\Mail\FileUploadedMailingQueue
[2018-03-19 09:12:17] Processed:  App\Mail\FileUploadedMailingQueue
[2018-03-19 09:12:17] Processing: App\Mail\FileUploadedMailingQueue
[2018-03-19 09:12:17] Processed:  App\Mail\FileUploadedMailingQueue
[2018-03-19 09:12:17] Processing: App\Mail\FileUploadedMailingQueue
[2018-03-19 09:12:17] Processed:  App\Mail\FileUploadedMailingQueue
[2018-03-19 09:12:17] Processing: App\Mail\FileUploadedMailingQueue
[2018-03-19 09:12:17] Processed:  App\Mail\FileUploadedMailingQueue
[2018-03-19 09:12:17] Processing: App\Mail\FileUploadedMailingQueue
[2018-03-19 09:12:18] Processed:  App\Mail\FileUploadedMailingQueue
[2018-03-19 09:12:18] Processing: App\Mail\FileUploadedMailingQueue
[2018-03-19 09:12:18] Processed:  App\Mail\FileUploadedMailingQueue
[2018-03-19 09:12:18] Processing: App\Mail\ExamPostMailingQueue
[2018-03-19 09:12:18] Processed:  App\Mail\ExamPostMailingQueue
[2018-03-19 09:12:18] Processing: App\Jobs\SendPushNotificationQueued
[2018-03-19 09:12:34] Processed:  App\Jobs\SendPushNotificationQueued
[2018-03-19 09:12:34] Processing: App\Mail\GeneralPostMailingQueue
[2018-03-19 09:12:34] Processed:  App\Mail\GeneralPostMailingQueue
[2018-03-19 09:12:34] Processing: App\Jobs\SendPushNotificationQueued
[2018-03-19 09:12:51] Processed:  App\Jobs\SendPushNotificationQueued
[2018-03-19 09:12:51] Processing: App\Mail\GeneralPostMailingQueue
[2018-03-19 09:12:51] Processed:  App\Mail\GeneralPostMailingQueue
[2018-03-19 09:12:51] Processing: App\Jobs\SendPushNotificationQueued
[2018-03-19 09:13:07] Processed:  App\Jobs\SendPushNotificationQueued
[2018-03-19 09:13:07] Processing: App\Mail\GeneralPostMailingQueue
[2018-03-19 09:13:07] Processed:  App\Mail\GeneralPostMailingQueue
[2018-03-19 09:13:07] Processing: App\Jobs\SendPushNotificationQueued
[2018-03-19 09:13:24] Processed:  App\Jobs\SendPushNotificationQueued
[2018-03-19 09:13:24] Processing: App\Jobs\SendPushNotificationQueued
[2018-03-19 09:13:40] Processed:  App\Jobs\SendPushNotificationQueued
[2018-03-19 09:13:40] Processing: App\Jobs\SendPushNotificationQueued
[2018-03-19 09:13:56] Processed:  App\Jobs\SendPushNotificationQueued
[2018-03-19 09:13:56] Processing: App\Jobs\SendPushNotificationQueued
[2018-03-19 09:14:12] Processed:  App\Jobs\SendPushNotificationQueued
[2018-03-19 09:14:12] Processing: App\Jobs\SendPushNotificationQueued
[2018-03-19 09:14:29] Processed:  App\Jobs\SendPushNotificationQueued
[2018-03-19 09:14:29] Processing: App\Jobs\SendPushNotificationQueued
[2018-03-19 09:14:45] Processed:  App\Jobs\SendPushNotificationQueued
[2018-03-19 09:18:00] Processing: App\Mail\FileUploadedMailingQueue
[2018-03-19 09:18:01] Processed:  App\Mail\FileUploadedMailingQueue
[2018-03-19 10:12:39] Processing: App\Mail\AssignmentPostMailingQueue
[2018-03-19 10:12:40] Processed:  App\Mail\AssignmentPostMailingQueue
[2018-03-19 10:12:40] Processing: App\Jobs\SendPushNotificationQueued
[2018-03-19 10:12:53] Processed:  App\Jobs\SendPushNotificationQueued
[2018-03-19 20:16:09] Processing: App\Mail\FileUploadedMailingQueue
[2018-03-19 20:16:10] Processed:  App\Mail\FileUploadedMailingQueue
[2018-03-19 20:19:20] Processing: App\Mail\FileUploadedMailingQueue
[2018-03-19 20:19:21] Processed:  App\Mail\FileUploadedMailingQueue
[2018-03-19 20:43:34] Processing: App\Mail\FileUploadedMailingQueue
[2018-03-19 20:43:35] Processed:  App\Mail\FileUploadedMailingQueue
[2018-03-19 20:44:11] Processing: App\Mail\FileUploadedMailingQueue
[2018-03-19 20:44:11] Processed:  App\Mail\FileUploadedMailingQueue
[2018-03-19 20:44:53] Processing: App\Mail\FileUploadedMailingQueue
[2018-03-19 20:44:53] Processed:  App\Mail\FileUploadedMailingQueue
[2018-03-19 20:45:30] Processing: App\Mail\FileUploadedMailingQueue
[2018-03-19 20:45:30] Processed:  App\Mail\FileUploadedMailingQueue
[2018-03-19 20:46:00] Processing: App\Mail\FileUploadedMailingQueue
[2018-03-19 20:46:00] Processed:  App\Mail\FileUploadedMailingQueue
[2018-03-19 20:46:40] Processing: App\Mail\FileUploadedMailingQueue
[2018-03-19 20:46:40] Processed:  App\Mail\FileUploadedMailingQueue
[2018-03-19 22:58:48] Processing: App\Mail\GeneralPostMailingQueue
[2018-03-19 22:58:49] Processed:  App\Mail\GeneralPostMailingQueue
[2018-03-19 22:58:49] Processing: App\Jobs\SendPushNotificationQueued
[2018-03-19 22:59:00] Processed:  App\Jobs\SendPushNotificationQueued
[2018-03-20 16:23:22] Processing: App\Mail\GeneralPostMailingQueue
[2018-03-20 16:23:23] Processed:  App\Mail\GeneralPostMailingQueue
[2018-03-20 16:23:23] Processing: App\Jobs\SendPushNotificationQueued
[2018-03-20 16:23:33] Processed:  App\Jobs\SendPushNotificationQueued
[2018-03-20 20:46:37] Processing: App\Mail\GeneralPostMailingQueue
[2018-03-20 20:46:38] Processed:  App\Mail\GeneralPostMailingQueue
[2018-03-20 20:46:38] Processing: App\Jobs\SendPushNotificationQueued
[2018-03-20 20:47:06] Processed:  App\Jobs\SendPushNotificationQueued
[2018-03-22 15:09:29] Processing: App\Mail\GeneralPostMailingQueue
[2018-03-22 15:09:30] Processed:  App\Mail\GeneralPostMailingQueue
[2018-03-22 15:09:30] Processing: App\Jobs\SendPushNotificationQueued
[2018-03-22 15:09:51] Processed:  App\Jobs\SendPushNotificationQueued
[2018-03-22 15:21:00] Processing: App\Mail\GeneralPostMailingQueue
[2018-03-22 15:21:02] Processed:  App\Mail\GeneralPostMailingQueue
[2018-03-22 15:21:02] Processing: App\Jobs\SendPushNotificationQueued
[2018-03-22 15:21:22] Processed:  App\Jobs\SendPushNotificationQueued
[2018-03-22 16:45:50] Processing: App\Mail\GeneralPostMailingQueue
[2018-03-22 16:45:51] Processed:  App\Mail\GeneralPostMailingQueue
[2018-03-22 16:45:51] Processing: App\Jobs\SendPushNotificationQueued
[2018-03-22 16:46:04] Processed:  App\Jobs\SendPushNotificationQueued
[2018-03-23 10:35:35] Processing: App\Mail\FileUploadedMailingQueue
[2018-03-23 10:35:36] Processed:  App\Mail\FileUploadedMailingQueue
[2018-04-04 20:30:12] Processing: App\Mail\FileUploadedMailingQueue
[2018-04-04 20:30:13] Processed:  App\Mail\FileUploadedMailingQueue
[2018-04-04 20:30:55] Processing: App\Mail\FileUploadedMailingQueue
[2018-04-04 20:30:55] Processed:  App\Mail\FileUploadedMailingQueue
[2018-04-24 17:48:39] Processing: App\Mail\GeneralPostMailingQueue
[2018-04-24 17:48:41] Processed:  App\Mail\GeneralPostMailingQueue
[2018-04-24 17:48:41] Processing: App\Jobs\SendPushNotificationQueued
[2018-04-24 17:48:49] Processed:  App\Jobs\SendPushNotificationQueued
